<?xml version="1.0" encoding="UTF-8"?>
<!-- Generated by org.testng.reporters.JUnitReportReporter -->
<testsuite hostname="DESKTOP-V11AHHV" failures="0" tests="1" name="TestNG_P.NewTest" time="0.021" errors="0" timestamp="2023-04-23T09:26:49 IST" skipped="0">
  <testcase classname="TestNG_P.NewTest" name="f" time="0.021"/>
  <system-out/>
</testsuite> <!-- TestNG_P.NewTest -->
