<?xml version="1.0" encoding="UTF-8"?>
<!-- Generated by org.testng.reporters.JUnitReportReporter -->
<testsuite hostname="DESKTOP-V11AHHV" failures="0" tests="1" name="TestNG_P.Assertion_Practice" time="3.524" errors="0" timestamp="2023-04-23T12:58:56 IST" skipped="0">
  <testcase classname="TestNG_P.Assertion_Practice" name="checkLogo" time="3.524"/>
  <system-out/>
</testsuite> <!-- TestNG_P.Assertion_Practice -->
