<?xml version="1.0" encoding="UTF-8"?>
<!-- Generated by org.testng.reporters.JUnitReportReporter -->
<testsuite hostname="DESKTOP-V11AHHV" failures="0" tests="3" name="TestNG_P.FirstP" time="0.023" errors="0" timestamp="2023-04-23T09:46:12 IST" skipped="0">
  <testcase classname="TestNG_P.FirstP" name="teardown" time="0.003"/>
  <system-out/>
  <testcase classname="TestNG_P.FirstP" name="Setup" time="0.017"/>
  <system-out/>
  <testcase classname="TestNG_P.FirstP" name="login" time="0.003"/>
  <system-out/>
</testsuite> <!-- TestNG_P.FirstP -->
