<?xml version="1.0" encoding="UTF-8"?>
<!-- Generated by org.testng.reporters.JUnitReportReporter -->
<testsuite hostname="DESKTOP-V11AHHV" failures="0" tests="2" name="TestNG_P.TC1" time="0.023" errors="0" timestamp="2023-04-23T10:52:38 IST" skipped="0">
  <testcase classname="TestNG_P.TC1" name="test1" time="0.016"/>
  <system-out/>
  <testcase classname="TestNG_P.TC1" name="test2" time="0.007"/>
  <system-out/>
</testsuite> <!-- TestNG_P.TC1 -->
