<?xml version="1.0" encoding="UTF-8"?>
<!-- Generated by org.testng.reporters.JUnitReportReporter -->
<testsuite hostname="DESKTOP-V11AHHV" failures="0" tests="1" name="TestNG_P.SecondP" time="0.019" errors="0" timestamp="2023-04-23T09:49:06 IST" skipped="0">
  <testcase classname="TestNG_P.SecondP" name="teardown" time="0.019"/>
  <system-out/>
</testsuite> <!-- TestNG_P.SecondP -->
