<?xml version="1.0" encoding="UTF-8"?>
<!-- Generated by org.testng.reporters.JUnitReportReporter -->
<testsuite hostname="DESKTOP-V11AHHV" failures="0" tests="2" name="TestNG_P.GroupingExample" time="0.026" errors="0" timestamp="2023-04-23T11:48:05 IST" skipped="0">
  <testcase classname="TestNG_P.GroupingExample" name="test_2" time="0.003"/>
  <system-out/>
  <testcase classname="TestNG_P.GroupingExample" name="test_1" time="0.023"/>
  <system-out/>
</testsuite> <!-- TestNG_P.GroupingExample -->
