<?xml version="1.0" encoding="UTF-8"?>
<!-- Generated by org.testng.reporters.JUnitReportReporter -->
<testsuite hostname="DESKTOP-V11AHHV" failures="0" tests="4" name="TestNG_P.PriorityExample" time="0.033" errors="0" timestamp="2023-04-23T11:08:32 IST" skipped="1">
  <testcase classname="TestNG_P.PriorityExample" name="TestOne" time="0.023"/>
  <system-out/>
  <testcase classname="TestNG_P.PriorityExample" name="TestTwo" time="0.007"/>
  <system-out/>
  <testcase classname="TestNG_P.PriorityExample" name="TestFour" time="0.003"/>
  <system-out/>
  <testcase classname="TestNG_P.PriorityExample" name="TestThree">
    <skipped/>
  </testcase> <!-- TestThree -->
  <system-out/>
</testsuite> <!-- TestNG_P.PriorityExample -->
