<?xml version="1.0" encoding="UTF-8"?>
<!-- Generated by org.testng.reporters.JUnitReportReporter -->
<testsuite hostname="DESKTOP-V11AHHV" failures="0" tests="2" name="TestNG_P.TC2" time="0.011" errors="0" timestamp="2023-04-23T10:52:38 IST" skipped="0">
  <testcase classname="TestNG_P.TC2" name="Test4" time="0.005"/>
  <system-out/>
  <testcase classname="TestNG_P.TC2" name="Test3" time="0.006"/>
  <system-out/>
</testsuite> <!-- TestNG_P.TC2 -->
